<testsuites id="" name="" tests="265" failures="265" skipped="0" errors="0" time="64.54250499999999">
<testsuite name="api-integration.spec.ts" timestamp="2026-02-04T06:35:30.358Z" hostname="chromium" tests="10" failures="10" skipped="0" time="0.049" errors="0">
<testcase name="API Integration Tests › should test authentication API endpoints" classname="api-integration.spec.ts" time="0.004">
<failure message="api-integration.spec.ts:12:7 should test authentication API endpoints" type="FAILURE">
<![CDATA[  [chromium] › api-integration.spec.ts:12:7 › API Integration Tests › should test authentication API endpoints 

    Error: browserType.launch: Executable doesn't exist at /home/develper21/.cache/ms-playwright/chromium_headless_shell-1208/chrome-headless-shell-linux64/chrome-headless-shell
    ╔═════════════════════════════════════════════════════════════════════════╗
    ║ Looks like Playwright Test or Playwright was just installed or updated. ║
    ║ Please run the following command to download new browsers:              ║
    ║                                                                         ║
    ║     npx playwright install                                              ║
    ║                                                                         ║
    ║ <3 Playwright Team                                                      ║
    ╚═════════════════════════════════════════════════════════════════════════╝
]]>
</failure>
</testcase>
<testcase name="API Integration Tests › should test energy API endpoints" classname="api-integration.spec.ts" time="0.005">
<failure message="api-integration.spec.ts:43:7 should test energy API endpoints" type="FAILURE">
<![CDATA[  [chromium] › api-integration.spec.ts:43:7 › API Integration Tests › should test energy API endpoints 

    Error: browserType.launch: Executable doesn't exist at /home/develper21/.cache/ms-playwright/chromium_headless_shell-1208/chrome-headless-shell-linux64/chrome-headless-shell
    ╔═════════════════════════════════════════════════════════════════════════╗
    ║ Looks like Playwright Test or Playwright was just installed or updated. ║
    ║ Please run the following command to download new browsers:              ║
    ║                                                                         ║
    ║     npx playwright install                                              ║
    ║                                                                         ║
    ║ <3 Playwright Team                                                      ║
    ╚═════════════════════════════════════════════════════════════════════════╝
]]>
</failure>
</testcase>
<testcase name="API Integration Tests › should test devices API endpoints" classname="api-integration.spec.ts" time="0.005">
<failure message="api-integration.spec.ts:62:7 should test devices API endpoints" type="FAILURE">
<![CDATA[  [chromium] › api-integration.spec.ts:62:7 › API Integration Tests › should test devices API endpoints 

    Error: browserType.launch: Executable doesn't exist at /home/develper21/.cache/ms-playwright/chromium_headless_shell-1208/chrome-headless-shell-linux64/chrome-headless-shell
    ╔═════════════════════════════════════════════════════════════════════════╗
    ║ Looks like Playwright Test or Playwright was just installed or updated. ║
    ║ Please run the following command to download new browsers:              ║
    ║                                                                         ║
    ║     npx playwright install                                              ║
    ║                                                                         ║
    ║ <3 Playwright Team                                                      ║
    ╚═════════════════════════════════════════════════════════════════════════╝
]]>
</failure>
</testcase>
<testcase name="API Integration Tests › should test billing API endpoints" classname="api-integration.spec.ts" time="0.005">
<failure message="api-integration.spec.ts:87:7 should test billing API endpoints" type="FAILURE">
<![CDATA[  [chromium] › api-integration.spec.ts:87:7 › API Integration Tests › should test billing API endpoints 

    Error: browserType.launch: Executable doesn't exist at /home/develper21/.cache/ms-playwright/chromium_headless_shell-1208/chrome-headless-shell-linux64/chrome-headless-shell
    ╔═════════════════════════════════════════════════════════════════════════╗
    ║ Looks like Playwright Test or Playwright was just installed or updated. ║
    ║ Please run the following command to download new browsers:              ║
    ║                                                                         ║
    ║     npx playwright install                                              ║
    ║                                                                         ║
    ║ <3 Playwright Team                                                      ║
    ╚═════════════════════════════════════════════════════════════════════════╝
]]>
</failure>
</testcase>
<testcase name="API Integration Tests › should test notifications API endpoints" classname="api-integration.spec.ts" time="0.004">
<failure message="api-integration.spec.ts:114:7 should test notifications API endpoints" type="FAILURE">
<![CDATA[  [chromium] › api-integration.spec.ts:114:7 › API Integration Tests › should test notifications API endpoints 

    Error: browserType.launch: Executable doesn't exist at /home/develper21/.cache/ms-playwright/chromium_headless_shell-1208/chrome-headless-shell-linux64/chrome-headless-shell
    ╔═════════════════════════════════════════════════════════════════════════╗
    ║ Looks like Playwright Test or Playwright was just installed or updated. ║
    ║ Please run the following command to download new browsers:              ║
    ║                                                                         ║
    ║     npx playwright install                                              ║
    ║                                                                         ║
    ║ <3 Playwright Team                                                      ║
    ╚═════════════════════════════════════════════════════════════════════════╝
]]>
</failure>
</testcase>
<testcase name="API Integration Tests › should test analytics API endpoints" classname="api-integration.spec.ts" time="0.004">
<failure message="api-integration.spec.ts:139:7 should test analytics API endpoints" type="FAILURE">
<![CDATA[  [chromium] › api-integration.spec.ts:139:7 › API Integration Tests › should test analytics API endpoints 

    Error: browserType.launch: Executable doesn't exist at /home/develper21/.cache/ms-playwright/chromium_headless_shell-1208/chrome-headless-shell-linux64/chrome-headless-shell
    ╔═════════════════════════════════════════════════════════════════════════╗
    ║ Looks like Playwright Test or Playwright was just installed or updated. ║
    ║ Please run the following command to download new browsers:              ║
    ║                                                                         ║
    ║     npx playwright install                                              ║
    ║                                                                         ║
    ║ <3 Playwright Team                                                      ║
    ╚═════════════════════════════════════════════════════════════════════════╝
]]>
</failure>
</testcase>
<testcase name="API Integration Tests › should test maintenance API endpoints" classname="api-integration.spec.ts" time="0.008">
<failure message="api-integration.spec.ts:157:7 should test maintenance API endpoints" type="FAILURE">
<![CDATA[  [chromium] › api-integration.spec.ts:157:7 › API Integration Tests › should test maintenance API endpoints 

    Error: browserType.launch: Executable doesn't exist at /home/develper21/.cache/ms-playwright/chromium_headless_shell-1208/chrome-headless-shell-linux64/chrome-headless-shell
    ╔═════════════════════════════════════════════════════════════════════════╗
    ║ Looks like Playwright Test or Playwright was just installed or updated. ║
    ║ Please run the following command to download new browsers:              ║
    ║                                                                         ║
    ║     npx playwright install                                              ║
    ║                                                                         ║
    ║ <3 Playwright Team                                                      ║
    ╚═════════════════════════════════════════════════════════════════════════╝
]]>
</failure>
</testcase>
<testcase name="API Integration Tests › should handle API authentication errors" classname="api-integration.spec.ts" time="0.005">
<failure message="api-integration.spec.ts:175:7 should handle API authentication errors" type="FAILURE">
<![CDATA[  [chromium] › api-integration.spec.ts:175:7 › API Integration Tests › should handle API authentication errors 

    Error: browserType.launch: Executable doesn't exist at /home/develper21/.cache/ms-playwright/chromium_headless_shell-1208/chrome-headless-shell-linux64/chrome-headless-shell
    ╔═════════════════════════════════════════════════════════════════════════╗
    ║ Looks like Playwright Test or Playwright was just installed or updated. ║
    ║ Please run the following command to download new browsers:              ║
    ║                                                                         ║
    ║     npx playwright install                                              ║
    ║                                                                         ║
    ║ <3 Playwright Team                                                      ║
    ╚═════════════════════════════════════════════════════════════════════════╝
]]>
</failure>
</testcase>
<testcase name="API Integration Tests › should handle API validation errors" classname="api-integration.spec.ts" time="0.004">
<failure message="api-integration.spec.ts:189:7 should handle API validation errors" type="FAILURE">
<![CDATA[  [chromium] › api-integration.spec.ts:189:7 › API Integration Tests › should handle API validation errors 

    Error: browserType.launch: Executable doesn't exist at /home/develper21/.cache/ms-playwright/chromium_headless_shell-1208/chrome-headless-shell-linux64/chrome-headless-shell
    ╔═════════════════════════════════════════════════════════════════════════╗
    ║ Looks like Playwright Test or Playwright was just installed or updated. ║
    ║ Please run the following command to download new browsers:              ║
    ║                                                                         ║
    ║     npx playwright install                                              ║
    ║                                                                         ║
    ║ <3 Playwright Team                                                      ║
    ╚═════════════════════════════════════════════════════════════════════════╝
]]>
</failure>
</testcase>
<testcase name="API Integration Tests › should handle API rate limiting" classname="api-integration.spec.ts" time="0.005">
<failure message="api-integration.spec.ts:204:7 should handle API rate limiting" type="FAILURE">
<![CDATA[  [chromium] › api-integration.spec.ts:204:7 › API Integration Tests › should handle API rate limiting 

    Error: browserType.launch: Executable doesn't exist at /home/develper21/.cache/ms-playwright/chromium_headless_shell-1208/chrome-headless-shell-linux64/chrome-headless-shell
    ╔═════════════════════════════════════════════════════════════════════════╗
    ║ Looks like Playwright Test or Playwright was just installed or updated. ║
    ║ Please run the following command to download new browsers:              ║
    ║                                                                         ║
    ║     npx playwright install                                              ║
    ║                                                                         ║
    ║ <3 Playwright Team                                                      ║
    ╚═════════════════════════════════════════════════════════════════════════╝
]]>
</failure>
</testcase>
</testsuite>
<testsuite name="auth-pages.spec.ts" timestamp="2026-02-04T06:35:30.358Z" hostname="chromium" tests="13" failures="13" skipped="0" time="0.063" errors="0">
<testcase name="Authentication Pages › should navigate to login page" classname="auth-pages.spec.ts" time="0.005">
<failure message="auth-pages.spec.ts:8:7 should navigate to login page" type="FAILURE">
<![CDATA[  [chromium] › auth-pages.spec.ts:8:7 › Authentication Pages › should navigate to login page ───────

    Error: browserType.launch: Executable doesn't exist at /home/develper21/.cache/ms-playwright/chromium_headless_shell-1208/chrome-headless-shell-linux64/chrome-headless-shell
    ╔═════════════════════════════════════════════════════════════════════════╗
    ║ Looks like Playwright Test or Playwright was just installed or updated. ║
    ║ Please run the following command to download new browsers:              ║
    ║                                                                         ║
    ║     npx playwright install                                              ║
    ║                                                                         ║
    ║ <3 Playwright Team                                                      ║
    ╚═════════════════════════════════════════════════════════════════════════╝
]]>
</failure>
</testcase>
<testcase name="Authentication Pages › should display login form elements" classname="auth-pages.spec.ts" time="0.004">
<failure message="auth-pages.spec.ts:14:7 should display login form elements" type="FAILURE">
<![CDATA[  [chromium] › auth-pages.spec.ts:14:7 › Authentication Pages › should display login form elements ─

    Error: browserType.launch: Executable doesn't exist at /home/develper21/.cache/ms-playwright/chromium_headless_shell-1208/chrome-headless-shell-linux64/chrome-headless-shell
    ╔═════════════════════════════════════════════════════════════════════════╗
    ║ Looks like Playwright Test or Playwright was just installed or updated. ║
    ║ Please run the following command to download new browsers:              ║
    ║                                                                         ║
    ║     npx playwright install                                              ║
    ║                                                                         ║
    ║ <3 Playwright Team                                                      ║
    ╚═════════════════════════════════════════════════════════════════════════╝
]]>
</failure>
</testcase>
<testcase name="Authentication Pages › should show validation errors for empty login form" classname="auth-pages.spec.ts" time="0.004">
<failure message="auth-pages.spec.ts:25:7 should show validation errors for empty login form" type="FAILURE">
<![CDATA[  [chromium] › auth-pages.spec.ts:25:7 › Authentication Pages › should show validation errors for empty login form 

    Error: browserType.launch: Executable doesn't exist at /home/develper21/.cache/ms-playwright/chromium_headless_shell-1208/chrome-headless-shell-linux64/chrome-headless-shell
    ╔═════════════════════════════════════════════════════════════════════════╗
    ║ Looks like Playwright Test or Playwright was just installed or updated. ║
    ║ Please run the following command to download new browsers:              ║
    ║                                                                         ║
    ║     npx playwright install                                              ║
    ║                                                                         ║
    ║ <3 Playwright Team                                                      ║
    ╚═════════════════════════════════════════════════════════════════════════╝
]]>
</failure>
</testcase>
<testcase name="Authentication Pages › should show error for invalid email format" classname="auth-pages.spec.ts" time="0.004">
<failure message="auth-pages.spec.ts:36:7 should show error for invalid email format" type="FAILURE">
<![CDATA[  [chromium] › auth-pages.spec.ts:36:7 › Authentication Pages › should show error for invalid email format 

    Error: browserType.launch: Executable doesn't exist at /home/develper21/.cache/ms-playwright/chromium_headless_shell-1208/chrome-headless-shell-linux64/chrome-headless-shell
    ╔═════════════════════════════════════════════════════════════════════════╗
    ║ Looks like Playwright Test or Playwright was just installed or updated. ║
    ║ Please run the following command to download new browsers:              ║
    ║                                                                         ║
    ║     npx playwright install                                              ║
    ║                                                                         ║
    ║ <3 Playwright Team                                                      ║
    ╚═════════════════════════════════════════════════════════════════════════╝
]]>
</failure>
</testcase>
<testcase name="Authentication Pages › should navigate to register page" classname="auth-pages.spec.ts" time="0.004">
<failure message="auth-pages.spec.ts:46:7 should navigate to register page" type="FAILURE">
<![CDATA[  [chromium] › auth-pages.spec.ts:46:7 › Authentication Pages › should navigate to register page ───

    Error: browserType.launch: Executable doesn't exist at /home/develper21/.cache/ms-playwright/chromium_headless_shell-1208/chrome-headless-shell-linux64/chrome-headless-shell
    ╔═════════════════════════════════════════════════════════════════════════╗
    ║ Looks like Playwright Test or Playwright was just installed or updated. ║
    ║ Please run the following command to download new browsers:              ║
    ║                                                                         ║
    ║     npx playwright install                                              ║
    ║                                                                         ║
    ║ <3 Playwright Team                                                      ║
    ╚═════════════════════════════════════════════════════════════════════════╝
]]>
</failure>
</testcase>
<testcase name="Authentication Pages › should display register form elements" classname="auth-pages.spec.ts" time="0.005">
<failure message="auth-pages.spec.ts:53:7 should display register form elements" type="FAILURE">
<![CDATA[  [chromium] › auth-pages.spec.ts:53:7 › Authentication Pages › should display register form elements 

    Error: browserType.launch: Executable doesn't exist at /home/develper21/.cache/ms-playwright/chromium_headless_shell-1208/chrome-headless-shell-linux64/chrome-headless-shell
    ╔═════════════════════════════════════════════════════════════════════════╗
    ║ Looks like Playwright Test or Playwright was just installed or updated. ║
    ║ Please run the following command to download new browsers:              ║
    ║                                                                         ║
    ║     npx playwright install                                              ║
    ║                                                                         ║
    ║ <3 Playwright Team                                                      ║
    ╚═════════════════════════════════════════════════════════════════════════╝
]]>
</failure>
</testcase>
<testcase name="Authentication Pages › should show validation errors for empty register form" classname="auth-pages.spec.ts" time="0.004">
<failure message="auth-pages.spec.ts:66:7 should show validation errors for empty register form" type="FAILURE">
<![CDATA[  [chromium] › auth-pages.spec.ts:66:7 › Authentication Pages › should show validation errors for empty register form 

    Error: browserType.launch: Executable doesn't exist at /home/develper21/.cache/ms-playwright/chromium_headless_shell-1208/chrome-headless-shell-linux64/chrome-headless-shell
    ╔═════════════════════════════════════════════════════════════════════════╗
    ║ Looks like Playwright Test or Playwright was just installed or updated. ║
    ║ Please run the following command to download new browsers:              ║
    ║                                                                         ║
    ║     npx playwright install                                              ║
    ║                                                                         ║
    ║ <3 Playwright Team                                                      ║
    ╚═════════════════════════════════════════════════════════════════════════╝
]]>
</failure>
</testcase>
<testcase name="Authentication Pages › should show error for password mismatch" classname="auth-pages.spec.ts" time="0.004">
<failure message="auth-pages.spec.ts:79:7 should show error for password mismatch" type="FAILURE">
<![CDATA[  [chromium] › auth-pages.spec.ts:79:7 › Authentication Pages › should show error for password mismatch 

    Error: browserType.launch: Executable doesn't exist at /home/develper21/.cache/ms-playwright/chromium_headless_shell-1208/chrome-headless-shell-linux64/chrome-headless-shell
    ╔═════════════════════════════════════════════════════════════════════════╗
    ║ Looks like Playwright Test or Playwright was just installed or updated. ║
    ║ Please run the following command to download new browsers:              ║
    ║                                                                         ║
    ║     npx playwright install                                              ║
    ║                                                                         ║
    ║ <3 Playwright Team                                                      ║
    ╚═════════════════════════════════════════════════════════════════════════╝
]]>
</failure>
</testcase>
<testcase name="Authentication Pages › should navigate to forgot password page" classname="auth-pages.spec.ts" time="0.004">
<failure message="auth-pages.spec.ts:92:7 should navigate to forgot password page" type="FAILURE">
<![CDATA[  [chromium] › auth-pages.spec.ts:92:7 › Authentication Pages › should navigate to forgot password page 

    Error: browserType.launch: Executable doesn't exist at /home/develper21/.cache/ms-playwright/chromium_headless_shell-1208/chrome-headless-shell-linux64/chrome-headless-shell
    ╔═════════════════════════════════════════════════════════════════════════╗
    ║ Looks like Playwright Test or Playwright was just installed or updated. ║
    ║ Please run the following command to download new browsers:              ║
    ║                                                                         ║
    ║     npx playwright install                                              ║
    ║                                                                         ║
    ║ <3 Playwright Team                                                      ║
    ╚═════════════════════════════════════════════════════════════════════════╝
]]>
</failure>
</testcase>
<testcase name="Authentication Pages › should display forgot password form elements" classname="auth-pages.spec.ts" time="0.008">
<failure message="auth-pages.spec.ts:99:7 should display forgot password form elements" type="FAILURE">
<![CDATA[  [chromium] › auth-pages.spec.ts:99:7 › Authentication Pages › should display forgot password form elements 

    Error: browserType.launch: Executable doesn't exist at /home/develper21/.cache/ms-playwright/chromium_headless_shell-1208/chrome-headless-shell-linux64/chrome-headless-shell
    ╔═════════════════════════════════════════════════════════════════════════╗
    ║ Looks like Playwright Test or Playwright was just installed or updated. ║
    ║ Please run the following command to download new browsers:              ║
    ║                                                                         ║
    ║     npx playwright install                                              ║
    ║                                                                         ║
    ║ <3 Playwright Team                                                      ║
    ╚═════════════════════════════════════════════════════════════════════════╝
]]>
</failure>
</testcase>
<testcase name="Authentication Pages › should show validation error for empty email in forgot password" classname="auth-pages.spec.ts" time="0.004">
<failure message="auth-pages.spec.ts:108:7 should show validation error for empty email in forgot password" type="FAILURE">
<![CDATA[  [chromium] › auth-pages.spec.ts:108:7 › Authentication Pages › should show validation error for empty email in forgot password 

    Error: browserType.launch: Executable doesn't exist at /home/develper21/.cache/ms-playwright/chromium_headless_shell-1208/chrome-headless-shell-linux64/chrome-headless-shell
    ╔═════════════════════════════════════════════════════════════════════════╗
    ║ Looks like Playwright Test or Playwright was just installed or updated. ║
    ║ Please run the following command to download new browsers:              ║
    ║                                                                         ║
    ║     npx playwright install                                              ║
    ║                                                                         ║
    ║ <3 Playwright Team                                                      ║
    ╚═════════════════════════════════════════════════════════════════════════╝
]]>
</failure>
</testcase>
<testcase name="Authentication Pages › should navigate to reset password page with token" classname="auth-pages.spec.ts" time="0.004">
<failure message="auth-pages.spec.ts:117:7 should navigate to reset password page with token" type="FAILURE">
<![CDATA[  [chromium] › auth-pages.spec.ts:117:7 › Authentication Pages › should navigate to reset password page with token 

    Error: browserType.launch: Executable doesn't exist at /home/develper21/.cache/ms-playwright/chromium_headless_shell-1208/chrome-headless-shell-linux64/chrome-headless-shell
    ╔═════════════════════════════════════════════════════════════════════════╗
    ║ Looks like Playwright Test or Playwright was just installed or updated. ║
    ║ Please run the following command to download new browsers:              ║
    ║                                                                         ║
    ║     npx playwright install                                              ║
    ║                                                                         ║
    ║ <3 Playwright Team                                                      ║
    ╚═════════════════════════════════════════════════════════════════════════╝
]]>
</failure>
</testcase>
<testcase name="Authentication Pages › should navigate to verify email page" classname="auth-pages.spec.ts" time="0.009">
<failure message="auth-pages.spec.ts:127:7 should navigate to verify email page" type="FAILURE">
<![CDATA[  [chromium] › auth-pages.spec.ts:127:7 › Authentication Pages › should navigate to verify email page 

    Error: browserType.launch: Executable doesn't exist at /home/develper21/.cache/ms-playwright/chromium_headless_shell-1208/chrome-headless-shell-linux64/chrome-headless-shell
    ╔═════════════════════════════════════════════════════════════════════════╗
    ║ Looks like Playwright Test or Playwright was just installed or updated. ║
    ║ Please run the following command to download new browsers:              ║
    ║                                                                         ║
    ║     npx playwright install                                              ║
    ║                                                                         ║
    ║ <3 Playwright Team                                                      ║
    ╚═════════════════════════════════════════════════════════════════════════╝
]]>
</failure>
</testcase>
</testsuite>
<testsuite name="auth.spec.ts" timestamp="2026-02-04T06:35:30.358Z" hostname="chromium" tests="11" failures="11" skipped="0" time="0.052" errors="0">
<testcase name="Authentication Flow › should redirect to login page when not authenticated" classname="auth.spec.ts" time="0.005">
<failure message="auth.spec.ts:8:7 should redirect to login page when not authenticated" type="FAILURE">
<![CDATA[  [chromium] › auth.spec.ts:8:7 › Authentication Flow › should redirect to login page when not authenticated 

    Error: browserType.launch: Executable doesn't exist at /home/develper21/.cache/ms-playwright/chromium_headless_shell-1208/chrome-headless-shell-linux64/chrome-headless-shell
    ╔═════════════════════════════════════════════════════════════════════════╗
    ║ Looks like Playwright Test or Playwright was just installed or updated. ║
    ║ Please run the following command to download new browsers:              ║
    ║                                                                         ║
    ║     npx playwright install                                              ║
    ║                                                                         ║
    ║ <3 Playwright Team                                                      ║
    ╚═════════════════════════════════════════════════════════════════════════╝
]]>
</failure>
</testcase>
<testcase name="Authentication Flow › should show validation errors for empty form" classname="auth.spec.ts" time="0.005">
<failure message="auth.spec.ts:13:7 should show validation errors for empty form" type="FAILURE">
<![CDATA[  [chromium] › auth.spec.ts:13:7 › Authentication Flow › should show validation errors for empty form 

    Error: browserType.launch: Executable doesn't exist at /home/develper21/.cache/ms-playwright/chromium_headless_shell-1208/chrome-headless-shell-linux64/chrome-headless-shell
    ╔═════════════════════════════════════════════════════════════════════════╗
    ║ Looks like Playwright Test or Playwright was just installed or updated. ║
    ║ Please run the following command to download new browsers:              ║
    ║                                                                         ║
    ║     npx playwright install                                              ║
    ║                                                                         ║
    ║ <3 Playwright Team                                                      ║
    ╚═════════════════════════════════════════════════════════════════════════╝
]]>
</failure>
</testcase>
<testcase name="Authentication Flow › should show error for invalid credentials" classname="auth.spec.ts" time="0.004">
<failure message="auth.spec.ts:27:7 should show error for invalid credentials" type="FAILURE">
<![CDATA[  [chromium] › auth.spec.ts:27:7 › Authentication Flow › should show error for invalid credentials ─

    Error: browserType.launch: Executable doesn't exist at /home/develper21/.cache/ms-playwright/chromium_headless_shell-1208/chrome-headless-shell-linux64/chrome-headless-shell
    ╔═════════════════════════════════════════════════════════════════════════╗
    ║ Looks like Playwright Test or Playwright was just installed or updated. ║
    ║ Please run the following command to download new browsers:              ║
    ║                                                                         ║
    ║     npx playwright install                                              ║
    ║                                                                         ║
    ║ <3 Playwright Team                                                      ║
    ╚═════════════════════════════════════════════════════════════════════════╝
]]>
</failure>
</testcase>
<testcase name="Authentication Flow › should toggle password visibility" classname="auth.spec.ts" time="0.006">
<failure message="auth.spec.ts:40:7 should toggle password visibility" type="FAILURE">
<![CDATA[  [chromium] › auth.spec.ts:40:7 › Authentication Flow › should toggle password visibility ─────────

    Error: browserType.launch: Executable doesn't exist at /home/develper21/.cache/ms-playwright/chromium_headless_shell-1208/chrome-headless-shell-linux64/chrome-headless-shell
    ╔═════════════════════════════════════════════════════════════════════════╗
    ║ Looks like Playwright Test or Playwright was just installed or updated. ║
    ║ Please run the following command to download new browsers:              ║
    ║                                                                         ║
    ║     npx playwright install                                              ║
    ║                                                                         ║
    ║ <3 Playwright Team                                                      ║
    ╚═════════════════════════════════════════════════════════════════════════╝
]]>
</failure>
</testcase>
<testcase name="Authentication Flow › should navigate to registration page" classname="auth.spec.ts" time="0.004">
<failure message="auth.spec.ts:58:7 should navigate to registration page" type="FAILURE">
<![CDATA[  [chromium] › auth.spec.ts:58:7 › Authentication Flow › should navigate to registration page ──────

    Error: browserType.launch: Executable doesn't exist at /home/develper21/.cache/ms-playwright/chromium_headless_shell-1208/chrome-headless-shell-linux64/chrome-headless-shell
    ╔═════════════════════════════════════════════════════════════════════════╗
    ║ Looks like Playwright Test or Playwright was just installed or updated. ║
    ║ Please run the following command to download new browsers:              ║
    ║                                                                         ║
    ║     npx playwright install                                              ║
    ║                                                                         ║
    ║ <3 Playwright Team                                                      ║
    ╚═════════════════════════════════════════════════════════════════════════╝
]]>
</failure>
</testcase>
<testcase name="Authentication Flow › should navigate to forgot password page" classname="auth.spec.ts" time="0.005">
<failure message="auth.spec.ts:68:7 should navigate to forgot password page" type="FAILURE">
<![CDATA[  [chromium] › auth.spec.ts:68:7 › Authentication Flow › should navigate to forgot password page ───

    Error: browserType.launch: Executable doesn't exist at /home/develper21/.cache/ms-playwright/chromium_headless_shell-1208/chrome-headless-shell-linux64/chrome-headless-shell
    ╔═════════════════════════════════════════════════════════════════════════╗
    ║ Looks like Playwright Test or Playwright was just installed or updated. ║
    ║ Please run the following command to download new browsers:              ║
    ║                                                                         ║
    ║     npx playwright install                                              ║
    ║                                                                         ║
    ║ <3 Playwright Team                                                      ║
    ╚═════════════════════════════════════════════════════════════════════════╝
]]>
</failure>
</testcase>
<testcase name="Authentication Flow › should register a new user" classname="auth.spec.ts" time="0.004">
<failure message="auth.spec.ts:77:7 should register a new user" type="FAILURE">
<![CDATA[  [chromium] › auth.spec.ts:77:7 › Authentication Flow › should register a new user ────────────────

    Error: browserType.launch: Executable doesn't exist at /home/develper21/.cache/ms-playwright/chromium_headless_shell-1208/chrome-headless-shell-linux64/chrome-headless-shell
    ╔═════════════════════════════════════════════════════════════════════════╗
    ║ Looks like Playwright Test or Playwright was just installed or updated. ║
    ║ Please run the following command to download new browsers:              ║
    ║                                                                         ║
    ║     npx playwright install                                              ║
    ║                                                                         ║
    ║ <3 Playwright Team                                                      ║
    ╚═════════════════════════════════════════════════════════════════════════╝
]]>
</failure>
</testcase>
<testcase name="Authentication Flow › should show validation errors for registration form" classname="auth.spec.ts" time="0.004">
<failure message="auth.spec.ts:99:7 should show validation errors for registration form" type="FAILURE">
<![CDATA[  [chromium] › auth.spec.ts:99:7 › Authentication Flow › should show validation errors for registration form 

    Error: browserType.launch: Executable doesn't exist at /home/develper21/.cache/ms-playwright/chromium_headless_shell-1208/chrome-headless-shell-linux64/chrome-headless-shell
    ╔═════════════════════════════════════════════════════════════════════════╗
    ║ Looks like Playwright Test or Playwright was just installed or updated. ║
    ║ Please run the following command to download new browsers:              ║
    ║                                                                         ║
    ║     npx playwright install                                              ║
    ║                                                                         ║
    ║ <3 Playwright Team                                                      ║
    ╚═════════════════════════════════════════════════════════════════════════╝
]]>
</failure>
</testcase>
<testcase name="Authentication Flow › should show error for password mismatch" classname="auth.spec.ts" time="0.005">
<failure message="auth.spec.ts:112:7 should show error for password mismatch" type="FAILURE">
<![CDATA[  [chromium] › auth.spec.ts:112:7 › Authentication Flow › should show error for password mismatch ──

    Error: browserType.launch: Executable doesn't exist at /home/develper21/.cache/ms-playwright/chromium_headless_shell-1208/chrome-headless-shell-linux64/chrome-headless-shell
    ╔═════════════════════════════════════════════════════════════════════════╗
    ║ Looks like Playwright Test or Playwright was just installed or updated. ║
    ║ Please run the following command to download new browsers:              ║
    ║                                                                         ║
    ║     npx playwright install                                              ║
    ║                                                                         ║
    ║ <3 Playwright Team                                                      ║
    ╚═════════════════════════════════════════════════════════════════════════╝
]]>
</failure>
</testcase>
<testcase name="Dashboard Access › should redirect to dashboard after successful login" classname="auth.spec.ts" time="0.006">
<failure message="auth.spec.ts:131:7 should redirect to dashboard after successful login" type="FAILURE">
<![CDATA[  [chromium] › auth.spec.ts:131:7 › Dashboard Access › should redirect to dashboard after successful login 

    Error: browserType.launch: Executable doesn't exist at /home/develper21/.cache/ms-playwright/chromium_headless_shell-1208/chrome-headless-shell-linux64/chrome-headless-shell
    ╔═════════════════════════════════════════════════════════════════════════╗
    ║ Looks like Playwright Test or Playwright was just installed or updated. ║
    ║ Please run the following command to download new browsers:              ║
    ║                                                                         ║
    ║     npx playwright install                                              ║
    ║                                                                         ║
    ║ <3 Playwright Team                                                      ║
    ╚═════════════════════════════════════════════════════════════════════════╝
]]>
</failure>
</testcase>
<testcase name="Dashboard Access › should show dashboard elements after login" classname="auth.spec.ts" time="0.004">
<failure message="auth.spec.ts:171:7 should show dashboard elements after login" type="FAILURE">
<![CDATA[  [chromium] › auth.spec.ts:171:7 › Dashboard Access › should show dashboard elements after login ──

    Error: browserType.launch: Executable doesn't exist at /home/develper21/.cache/ms-playwright/chromium_headless_shell-1208/chrome-headless-shell-linux64/chrome-headless-shell
    ╔═════════════════════════════════════════════════════════════════════════╗
    ║ Looks like Playwright Test or Playwright was just installed or updated. ║
    ║ Please run the following command to download new browsers:              ║
    ║                                                                         ║
    ║     npx playwright install                                              ║
    ║                                                                         ║
    ║ <3 Playwright Team                                                      ║
    ╚═════════════════════════════════════════════════════════════════════════╝
]]>
</failure>
</testcase>
</testsuite>
<testsuite name="dashboard.spec.ts" timestamp="2026-02-04T06:35:30.358Z" hostname="chromium" tests="10" failures="10" skipped="0" time="0.051" errors="0">
<testcase name="Dashboard Functionality › should load dashboard successfully" classname="dashboard.spec.ts" time="0.004">
<failure message="dashboard.spec.ts:55:7 should load dashboard successfully" type="FAILURE">
<![CDATA[  [chromium] › dashboard.spec.ts:55:7 › Dashboard Functionality › should load dashboard successfully 

    Error: browserType.launch: Executable doesn't exist at /home/develper21/.cache/ms-playwright/chromium_headless_shell-1208/chrome-headless-shell-linux64/chrome-headless-shell
    ╔═════════════════════════════════════════════════════════════════════════╗
    ║ Looks like Playwright Test or Playwright was just installed or updated. ║
    ║ Please run the following command to download new browsers:              ║
    ║                                                                         ║
    ║     npx playwright install                                              ║
    ║                                                                         ║
    ║ <3 Playwright Team                                                      ║
    ╚═════════════════════════════════════════════════════════════════════════╝
]]>
</failure>
</testcase>
<testcase name="Dashboard Functionality › should display energy statistics" classname="dashboard.spec.ts" time="0.004">
<failure message="dashboard.spec.ts:62:7 should display energy statistics" type="FAILURE">
<![CDATA[  [chromium] › dashboard.spec.ts:62:7 › Dashboard Functionality › should display energy statistics ─

    Error: browserType.launch: Executable doesn't exist at /home/develper21/.cache/ms-playwright/chromium_headless_shell-1208/chrome-headless-shell-linux64/chrome-headless-shell
    ╔═════════════════════════════════════════════════════════════════════════╗
    ║ Looks like Playwright Test or Playwright was just installed or updated. ║
    ║ Please run the following command to download new browsers:              ║
    ║                                                                         ║
    ║     npx playwright install                                              ║
    ║                                                                         ║
    ║ <3 Playwright Team                                                      ║
    ╚═════════════════════════════════════════════════════════════════════════╝
]]>
</failure>
</testcase>
<testcase name="Dashboard Functionality › should display appliances list" classname="dashboard.spec.ts" time="0.003">
<failure message="dashboard.spec.ts:75:7 should display appliances list" type="FAILURE">
<![CDATA[  [chromium] › dashboard.spec.ts:75:7 › Dashboard Functionality › should display appliances list ───

    Error: browserType.launch: Executable doesn't exist at /home/develper21/.cache/ms-playwright/chromium_headless_shell-1208/chrome-headless-shell-linux64/chrome-headless-shell
    ╔═════════════════════════════════════════════════════════════════════════╗
    ║ Looks like Playwright Test or Playwright was just installed or updated. ║
    ║ Please run the following command to download new browsers:              ║
    ║                                                                         ║
    ║     npx playwright install                                              ║
    ║                                                                         ║
    ║ <3 Playwright Team                                                      ║
    ╚═════════════════════════════════════════════════════════════════════════╝
]]>
</failure>
</testcase>
<testcase name="Dashboard Functionality › should toggle appliance status" classname="dashboard.spec.ts" time="0.011">
<failure message="dashboard.spec.ts:87:7 should toggle appliance status" type="FAILURE">
<![CDATA[  [chromium] › dashboard.spec.ts:87:7 › Dashboard Functionality › should toggle appliance status ───

    Error: browserType.launch: Executable doesn't exist at /home/develper21/.cache/ms-playwright/chromium_headless_shell-1208/chrome-headless-shell-linux64/chrome-headless-shell
    ╔═════════════════════════════════════════════════════════════════════════╗
    ║ Looks like Playwright Test or Playwright was just installed or updated. ║
    ║ Please run the following command to download new browsers:              ║
    ║                                                                         ║
    ║     npx playwright install                                              ║
    ║                                                                         ║
    ║ <3 Playwright Team                                                      ║
    ╚═════════════════════════════════════════════════════════════════════════╝
]]>
</failure>
</testcase>
<testcase name="Dashboard Functionality › should display energy chart" classname="dashboard.spec.ts" time="0.005">
<failure message="dashboard.spec.ts:103:7 should display energy chart" type="FAILURE">
<![CDATA[  [chromium] › dashboard.spec.ts:103:7 › Dashboard Functionality › should display energy chart ─────

    Error: browserType.launch: Executable doesn't exist at /home/develper21/.cache/ms-playwright/chromium_headless_shell-1208/chrome-headless-shell-linux64/chrome-headless-shell
    ╔═════════════════════════════════════════════════════════════════════════╗
    ║ Looks like Playwright Test or Playwright was just installed or updated. ║
    ║ Please run the following command to download new browsers:              ║
    ║                                                                         ║
    ║     npx playwright install                                              ║
    ║                                                                         ║
    ║ <3 Playwright Team                                                      ║
    ╚═════════════════════════════════════════════════════════════════════════╝
]]>
</failure>
</testcase>
<testcase name="Dashboard Functionality › should show recommendations section" classname="dashboard.spec.ts" time="0.007">
<failure message="dashboard.spec.ts:113:7 should show recommendations section" type="FAILURE">
<![CDATA[  [chromium] › dashboard.spec.ts:113:7 › Dashboard Functionality › should show recommendations section 

    Error: browserType.launch: Executable doesn't exist at /home/develper21/.cache/ms-playwright/chromium_headless_shell-1208/chrome-headless-shell-linux64/chrome-headless-shell
    ╔═════════════════════════════════════════════════════════════════════════╗
    ║ Looks like Playwright Test or Playwright was just installed or updated. ║
    ║ Please run the following command to download new browsers:              ║
    ║                                                                         ║
    ║     npx playwright install                                              ║
    ║                                                                         ║
    ║ <3 Playwright Team                                                      ║
    ╚═════════════════════════════════════════════════════════════════════════╝
]]>
</failure>
</testcase>
<testcase name="Dashboard Functionality › should navigate between sections" classname="dashboard.spec.ts" time="0.005">
<failure message="dashboard.spec.ts:123:7 should navigate between sections" type="FAILURE">
<![CDATA[  [chromium] › dashboard.spec.ts:123:7 › Dashboard Functionality › should navigate between sections 

    Error: browserType.launch: Executable doesn't exist at /home/develper21/.cache/ms-playwright/chromium_headless_shell-1208/chrome-headless-shell-linux64/chrome-headless-shell
    ╔═════════════════════════════════════════════════════════════════════════╗
    ║ Looks like Playwright Test or Playwright was just installed or updated. ║
    ║ Please run the following command to download new browsers:              ║
    ║                                                                         ║
    ║     npx playwright install                                              ║
    ║                                                                         ║
    ║ <3 Playwright Team                                                      ║
    ╚═════════════════════════════════════════════════════════════════════════╝
]]>
</failure>
</testcase>
<testcase name="Dashboard Functionality › should handle logout" classname="dashboard.spec.ts" time="0.005">
<failure message="dashboard.spec.ts:137:7 should handle logout" type="FAILURE">
<![CDATA[  [chromium] › dashboard.spec.ts:137:7 › Dashboard Functionality › should handle logout ────────────

    Error: browserType.launch: Executable doesn't exist at /home/develper21/.cache/ms-playwright/chromium_headless_shell-1208/chrome-headless-shell-linux64/chrome-headless-shell
    ╔═════════════════════════════════════════════════════════════════════════╗
    ║ Looks like Playwright Test or Playwright was just installed or updated. ║
    ║ Please run the following command to download new browsers:              ║
    ║                                                                         ║
    ║     npx playwright install                                              ║
    ║                                                                         ║
    ║ <3 Playwright Team                                                      ║
    ╚═════════════════════════════════════════════════════════════════════════╝
]]>
</failure>
</testcase>
<testcase name="Dashboard Functionality › should show user profile" classname="dashboard.spec.ts" time="0.003">
<failure message="dashboard.spec.ts:151:7 should show user profile" type="FAILURE">
<![CDATA[  [chromium] › dashboard.spec.ts:151:7 › Dashboard Functionality › should show user profile ────────

    Error: browserType.launch: Executable doesn't exist at /home/develper21/.cache/ms-playwright/chromium_headless_shell-1208/chrome-headless-shell-linux64/chrome-headless-shell
    ╔═════════════════════════════════════════════════════════════════════════╗
    ║ Looks like Playwright Test or Playwright was just installed or updated. ║
    ║ Please run the following command to download new browsers:              ║
    ║                                                                         ║
    ║     npx playwright install                                              ║
    ║                                                                         ║
    ║ <3 Playwright Team                                                      ║
    ╚═════════════════════════════════════════════════════════════════════════╝
]]>
</failure>
</testcase>
<testcase name="Dashboard Functionality › should handle responsive design" classname="dashboard.spec.ts" time="0.004">
<failure message="dashboard.spec.ts:163:7 should handle responsive design" type="FAILURE">
<![CDATA[  [chromium] › dashboard.spec.ts:163:7 › Dashboard Functionality › should handle responsive design ─

    Error: browserType.launch: Executable doesn't exist at /home/develper21/.cache/ms-playwright/chromium_headless_shell-1208/chrome-headless-shell-linux64/chrome-headless-shell
    ╔═════════════════════════════════════════════════════════════════════════╗
    ║ Looks like Playwright Test or Playwright was just installed or updated. ║
    ║ Please run the following command to download new browsers:              ║
    ║                                                                         ║
    ║     npx playwright install                                              ║
    ║                                                                         ║
    ║ <3 Playwright Team                                                      ║
    ╚═════════════════════════════════════════════════════════════════════════╝
]]>
</failure>
</testcase>
</testsuite>
<testsuite name="home-page.spec.ts" timestamp="2026-02-04T06:35:30.358Z" hostname="chromium" tests="9" failures="9" skipped="0" time="0.042" errors="0">
<testcase name="Main Landing Page › should load home page successfully" classname="home-page.spec.ts" time="0.005">
<failure message="home-page.spec.ts:4:7 should load home page successfully" type="FAILURE">
<![CDATA[  [chromium] › home-page.spec.ts:4:7 › Main Landing Page › should load home page successfully ──────

    Error: browserType.launch: Executable doesn't exist at /home/develper21/.cache/ms-playwright/chromium_headless_shell-1208/chrome-headless-shell-linux64/chrome-headless-shell
    ╔═════════════════════════════════════════════════════════════════════════╗
    ║ Looks like Playwright Test or Playwright was just installed or updated. ║
    ║ Please run the following command to download new browsers:              ║
    ║                                                                         ║
    ║     npx playwright install                                              ║
    ║                                                                         ║
    ║ <3 Playwright Team                                                      ║
    ╚═════════════════════════════════════════════════════════════════════════╝
]]>
</failure>
</testcase>
<testcase name="Main Landing Page › should display main navigation elements" classname="home-page.spec.ts" time="0.004">
<failure message="home-page.spec.ts:10:7 should display main navigation elements" type="FAILURE">
<![CDATA[  [chromium] › home-page.spec.ts:10:7 › Main Landing Page › should display main navigation elements 

    Error: browserType.launch: Executable doesn't exist at /home/develper21/.cache/ms-playwright/chromium_headless_shell-1208/chrome-headless-shell-linux64/chrome-headless-shell
    ╔═════════════════════════════════════════════════════════════════════════╗
    ║ Looks like Playwright Test or Playwright was just installed or updated. ║
    ║ Please run the following command to download new browsers:              ║
    ║                                                                         ║
    ║     npx playwright install                                              ║
    ║                                                                         ║
    ║ <3 Playwright Team                                                      ║
    ╚═════════════════════════════════════════════════════════════════════════╝
]]>
</failure>
</testcase>
<testcase name="Main Landing Page › should display hero section" classname="home-page.spec.ts" time="0.004">
<failure message="home-page.spec.ts:22:7 should display hero section" type="FAILURE">
<![CDATA[  [chromium] › home-page.spec.ts:22:7 › Main Landing Page › should display hero section ────────────

    Error: browserType.launch: Executable doesn't exist at /home/develper21/.cache/ms-playwright/chromium_headless_shell-1208/chrome-headless-shell-linux64/chrome-headless-shell
    ╔═════════════════════════════════════════════════════════════════════════╗
    ║ Looks like Playwright Test or Playwright was just installed or updated. ║
    ║ Please run the following command to download new browsers:              ║
    ║                                                                         ║
    ║     npx playwright install                                              ║
    ║                                                                         ║
    ║ <3 Playwright Team                                                      ║
    ╚═════════════════════════════════════════════════════════════════════════╝
]]>
</failure>
</testcase>
<testcase name="Main Landing Page › should display features section" classname="home-page.spec.ts" time="0.004">
<failure message="home-page.spec.ts:31:7 should display features section" type="FAILURE">
<![CDATA[  [chromium] › home-page.spec.ts:31:7 › Main Landing Page › should display features section ────────

    Error: browserType.launch: Executable doesn't exist at /home/develper21/.cache/ms-playwright/chromium_headless_shell-1208/chrome-headless-shell-linux64/chrome-headless-shell
    ╔═════════════════════════════════════════════════════════════════════════╗
    ║ Looks like Playwright Test or Playwright was just installed or updated. ║
    ║ Please run the following command to download new browsers:              ║
    ║                                                                         ║
    ║     npx playwright install                                              ║
    ║                                                                         ║
    ║ <3 Playwright Team                                                      ║
    ╚═════════════════════════════════════════════════════════════════════════╝
]]>
</failure>
</testcase>
<testcase name="Main Landing Page › should navigate to login page from main nav" classname="home-page.spec.ts" time="0.004">
<failure message="home-page.spec.ts:44:7 should navigate to login page from main nav" type="FAILURE">
<![CDATA[  [chromium] › home-page.spec.ts:44:7 › Main Landing Page › should navigate to login page from main nav 

    Error: browserType.launch: Executable doesn't exist at /home/develper21/.cache/ms-playwright/chromium_headless_shell-1208/chrome-headless-shell-linux64/chrome-headless-shell
    ╔═════════════════════════════════════════════════════════════════════════╗
    ║ Looks like Playwright Test or Playwright was just installed or updated. ║
    ║ Please run the following command to download new browsers:              ║
    ║                                                                         ║
    ║     npx playwright install                                              ║
    ║                                                                         ║
    ║ <3 Playwright Team                                                      ║
    ╚═════════════════════════════════════════════════════════════════════════╝
]]>
</failure>
</testcase>
<testcase name="Main Landing Page › should navigate to register page from main nav" classname="home-page.spec.ts" time="0.004">
<failure message="home-page.spec.ts:50:7 should navigate to register page from main nav" type="FAILURE">
<![CDATA[  [chromium] › home-page.spec.ts:50:7 › Main Landing Page › should navigate to register page from main nav 

    Error: browserType.launch: Executable doesn't exist at /home/develper21/.cache/ms-playwright/chromium_headless_shell-1208/chrome-headless-shell-linux64/chrome-headless-shell
    ╔═════════════════════════════════════════════════════════════════════════╗
    ║ Looks like Playwright Test or Playwright was just installed or updated. ║
    ║ Please run the following command to download new browsers:              ║
    ║                                                                         ║
    ║     npx playwright install                                              ║
    ║                                                                         ║
    ║ <3 Playwright Team                                                      ║
    ╚═════════════════════════════════════════════════════════════════════════╝
]]>
</failure>
</testcase>
<testcase name="Main Landing Page › should be responsive on mobile devices" classname="home-page.spec.ts" time="0.005">
<failure message="home-page.spec.ts:56:7 should be responsive on mobile devices" type="FAILURE">
<![CDATA[  [chromium] › home-page.spec.ts:56:7 › Main Landing Page › should be responsive on mobile devices ─

    Error: browserType.launch: Executable doesn't exist at /home/develper21/.cache/ms-playwright/chromium_headless_shell-1208/chrome-headless-shell-linux64/chrome-headless-shell
    ╔═════════════════════════════════════════════════════════════════════════╗
    ║ Looks like Playwright Test or Playwright was just installed or updated. ║
    ║ Please run the following command to download new browsers:              ║
    ║                                                                         ║
    ║     npx playwright install                                              ║
    ║                                                                         ║
    ║ <3 Playwright Team                                                      ║
    ╚═════════════════════════════════════════════════════════════════════════╝
]]>
</failure>
</testcase>
<testcase name="Main Landing Page › should handle CTA button clicks" classname="home-page.spec.ts" time="0.006">
<failure message="home-page.spec.ts:68:7 should handle CTA button clicks" type="FAILURE">
<![CDATA[  [chromium] › home-page.spec.ts:68:7 › Main Landing Page › should handle CTA button clicks ────────

    Error: browserType.launch: Executable doesn't exist at /home/develper21/.cache/ms-playwright/chromium_headless_shell-1208/chrome-headless-shell-linux64/chrome-headless-shell
    ╔═════════════════════════════════════════════════════════════════════════╗
    ║ Looks like Playwright Test or Playwright was just installed or updated. ║
    ║ Please run the following command to download new browsers:              ║
    ║                                                                         ║
    ║     npx playwright install                                              ║
    ║                                                                         ║
    ║ <3 Playwright Team                                                      ║
    ╚═════════════════════════════════════════════════════════════════════════╝
]]>
</failure>
</testcase>
<testcase name="Main Landing Page › should display footer with links" classname="home-page.spec.ts" time="0.006">
<failure message="home-page.spec.ts:76:7 should display footer with links" type="FAILURE">
<![CDATA[  [chromium] › home-page.spec.ts:76:7 › Main Landing Page › should display footer with links ───────

    Error: browserType.launch: Executable doesn't exist at /home/develper21/.cache/ms-playwright/chromium_headless_shell-1208/chrome-headless-shell-linux64/chrome-headless-shell
    ╔═════════════════════════════════════════════════════════════════════════╗
    ║ Looks like Playwright Test or Playwright was just installed or updated. ║
    ║ Please run the following command to download new browsers:              ║
    ║                                                                         ║
    ║     npx playwright install                                              ║
    ║                                                                         ║
    ║ <3 Playwright Team                                                      ║
    ╚═════════════════════════════════════════════════════════════════════════╝
]]>
</failure>
</testcase>
</testsuite>
<testsuite name="api-integration.spec.ts" timestamp="2026-02-04T06:35:30.358Z" hostname="firefox" tests="10" failures="10" skipped="0" time="0.048" errors="0">
<testcase name="API Integration Tests › should test authentication API endpoints" classname="api-integration.spec.ts" time="0.004">
<failure message="api-integration.spec.ts:12:7 should test authentication API endpoints" type="FAILURE">
<![CDATA[  [firefox] › api-integration.spec.ts:12:7 › API Integration Tests › should test authentication API endpoints 

    Error: browserType.launch: Executable doesn't exist at /home/develper21/.cache/ms-playwright/firefox-1509/firefox/firefox
    ╔═════════════════════════════════════════════════════════════════════════╗
    ║ Looks like Playwright Test or Playwright was just installed or updated. ║
    ║ Please run the following command to download new browsers:              ║
    ║                                                                         ║
    ║     npx playwright install                                              ║
    ║                                                                         ║
    ║ <3 Playwright Team                                                      ║
    ╚═════════════════════════════════════════════════════════════════════════╝
]]>
</failure>
</testcase>
<testcase name="API Integration Tests › should test energy API endpoints" classname="api-integration.spec.ts" time="0.005">
<failure message="api-integration.spec.ts:43:7 should test energy API endpoints" type="FAILURE">
<![CDATA[  [firefox] › api-integration.spec.ts:43:7 › API Integration Tests › should test energy API endpoints 

    Error: browserType.launch: Executable doesn't exist at /home/develper21/.cache/ms-playwright/firefox-1509/firefox/firefox
    ╔═════════════════════════════════════════════════════════════════════════╗
    ║ Looks like Playwright Test or Playwright was just installed or updated. ║
    ║ Please run the following command to download new browsers:              ║
    ║                                                                         ║
    ║     npx playwright install                                              ║
    ║                                                                         ║
    ║ <3 Playwright Team                                                      ║
    ╚═════════════════════════════════════════════════════════════════════════╝
]]>
</failure>
</testcase>
<testcase name="API Integration Tests › should test devices API endpoints" classname="api-integration.spec.ts" time="0.006">
<failure message="api-integration.spec.ts:62:7 should test devices API endpoints" type="FAILURE">
<![CDATA[  [firefox] › api-integration.spec.ts:62:7 › API Integration Tests › should test devices API endpoints 

    Error: browserType.launch: Executable doesn't exist at /home/develper21/.cache/ms-playwright/firefox-1509/firefox/firefox
    ╔═════════════════════════════════════════════════════════════════════════╗
    ║ Looks like Playwright Test or Playwright was just installed or updated. ║
    ║ Please run the following command to download new browsers:              ║
    ║                                                                         ║
    ║     npx playwright install                                              ║
    ║                                                                         ║
    ║ <3 Playwright Team                                                      ║
    ╚═════════════════════════════════════════════════════════════════════════╝
]]>
</failure>
</testcase>
<testcase name="API Integration Tests › should test billing API endpoints" classname="api-integration.spec.ts" time="0.003">
<failure message="api-integration.spec.ts:87:7 should test billing API endpoints" type="FAILURE">
<![CDATA[  [firefox] › api-integration.spec.ts:87:7 › API Integration Tests › should test billing API endpoints 

    Error: browserType.launch: Executable doesn't exist at /home/develper21/.cache/ms-playwright/firefox-1509/firefox/firefox
    ╔═════════════════════════════════════════════════════════════════════════╗
    ║ Looks like Playwright Test or Playwright was just installed or updated. ║
    ║ Please run the following command to download new browsers:              ║
    ║                                                                         ║
    ║     npx playwright install                                              ║
    ║                                                                         ║
    ║ <3 Playwright Team                                                      ║
    ╚═════════════════════════════════════════════════════════════════════════╝
]]>
</failure>
</testcase>
<testcase name="API Integration Tests › should test notifications API endpoints" classname="api-integration.spec.ts" time="0.004">
<failure message="api-integration.spec.ts:114:7 should test notifications API endpoints" type="FAILURE">
<![CDATA[  [firefox] › api-integration.spec.ts:114:7 › API Integration Tests › should test notifications API endpoints 

    Error: browserType.launch: Executable doesn't exist at /home/develper21/.cache/ms-playwright/firefox-1509/firefox/firefox
    ╔═════════════════════════════════════════════════════════════════════════╗
    ║ Looks like Playwright Test or Playwright was just installed or updated. ║
    ║ Please run the following command to download new browsers:              ║
    ║                                                                         ║
    ║     npx playwright install                                              ║
    ║                                                                         ║
    ║ <3 Playwright Team                                                      ║
    ╚═════════════════════════════════════════════════════════════════════════╝
]]>
</failure>
</testcase>
<testcase name="API Integration Tests › should test analytics API endpoints" classname="api-integration.spec.ts" time="0.007">
<failure message="api-integration.spec.ts:139:7 should test analytics API endpoints" type="FAILURE">
<![CDATA[  [firefox] › api-integration.spec.ts:139:7 › API Integration Tests › should test analytics API endpoints 

    Error: browserType.launch: Executable doesn't exist at /home/develper21/.cache/ms-playwright/firefox-1509/firefox/firefox
    ╔═════════════════════════════════════════════════════════════════════════╗
    ║ Looks like Playwright Test or Playwright was just installed or updated. ║
    ║ Please run the following command to download new browsers:              ║
    ║                                                                         ║
    ║     npx playwright install                                              ║
    ║                                                                         ║
    ║ <3 Playwright Team                                                      ║
    ╚═════════════════════════════════════════════════════════════════════════╝
]]>
</failure>
</testcase>
<testcase name="API Integration Tests › should test maintenance API endpoints" classname="api-integration.spec.ts" time="0.005">
<failure message="api-integration.spec.ts:157:7 should test maintenance API endpoints" type="FAILURE">
<![CDATA[  [firefox] › api-integration.spec.ts:157:7 › API Integration Tests › should test maintenance API endpoints 

    Error: browserType.launch: Executable doesn't exist at /home/develper21/.cache/ms-playwright/firefox-1509/firefox/firefox
    ╔═════════════════════════════════════════════════════════════════════════╗
    ║ Looks like Playwright Test or Playwright was just installed or updated. ║
    ║ Please run the following command to download new browsers:              ║
    ║                                                                         ║
    ║     npx playwright install                                              ║
    ║                                                                         ║
    ║ <3 Playwright Team                                                      ║
    ╚═════════════════════════════════════════════════════════════════════════╝
]]>
</failure>
</testcase>
<testcase name="API Integration Tests › should handle API authentication errors" classname="api-integration.spec.ts" time="0.005">
<failure message="api-integration.spec.ts:175:7 should handle API authentication errors" type="FAILURE">
<![CDATA[  [firefox] › api-integration.spec.ts:175:7 › API Integration Tests › should handle API authentication errors 

    Error: browserType.launch: Executable doesn't exist at /home/develper21/.cache/ms-playwright/firefox-1509/firefox/firefox
    ╔═════════════════════════════════════════════════════════════════════════╗
    ║ Looks like Playwright Test or Playwright was just installed or updated. ║
    ║ Please run the following command to download new browsers:              ║
    ║                                                                         ║
    ║     npx playwright install                                              ║
    ║                                                                         ║
    ║ <3 Playwright Team                                                      ║
    ╚═════════════════════════════════════════════════════════════════════════╝
]]>
</failure>
</testcase>
<testcase name="API Integration Tests › should handle API validation errors" classname="api-integration.spec.ts" time="0.005">
<failure message="api-integration.spec.ts:189:7 should handle API validation errors" type="FAILURE">
<![CDATA[  [firefox] › api-integration.spec.ts:189:7 › API Integration Tests › should handle API validation errors 

    Error: browserType.launch: Executable doesn't exist at /home/develper21/.cache/ms-playwright/firefox-1509/firefox/firefox
    ╔═════════════════════════════════════════════════════════════════════════╗
    ║ Looks like Playwright Test or Playwright was just installed or updated. ║
    ║ Please run the following command to download new browsers:              ║
    ║                                                                         ║
    ║     npx playwright install                                              ║
    ║                                                                         ║
    ║ <3 Playwright Team                                                      ║
    ╚═════════════════════════════════════════════════════════════════════════╝
]]>
</failure>
</testcase>
<testcase name="API Integration Tests › should handle API rate limiting" classname="api-integration.spec.ts" time="0.004">
<failure message="api-integration.spec.ts:204:7 should handle API rate limiting" type="FAILURE">
<![CDATA[  [firefox] › api-integration.spec.ts:204:7 › API Integration Tests › should handle API rate limiting 

    Error: browserType.launch: Executable doesn't exist at /home/develper21/.cache/ms-playwright/firefox-1509/firefox/firefox
    ╔═════════════════════════════════════════════════════════════════════════╗
    ║ Looks like Playwright Test or Playwright was just installed or updated. ║
    ║ Please run the following command to download new browsers:              ║
    ║                                                                         ║
    ║     npx playwright install                                              ║
    ║                                                                         ║
    ║ <3 Playwright Team                                                      ║
    ╚═════════════════════════════════════════════════════════════════════════╝
]]>
</failure>
</testcase>
</testsuite>
<testsuite name="auth-pages.spec.ts" timestamp="2026-02-04T06:35:30.358Z" hostname="firefox" tests="13" failures="13" skipped="0" time="0.065" errors="0">
<testcase name="Authentication Pages › should navigate to login page" classname="auth-pages.spec.ts" time="0.008">
<failure message="auth-pages.spec.ts:8:7 should navigate to login page" type="FAILURE">
<![CDATA[  [firefox] › auth-pages.spec.ts:8:7 › Authentication Pages › should navigate to login page ────────

    Error: browserType.launch: Executable doesn't exist at /home/develper21/.cache/ms-playwright/firefox-1509/firefox/firefox
    ╔═════════════════════════════════════════════════════════════════════════╗
    ║ Looks like Playwright Test or Playwright was just installed or updated. ║
    ║ Please run the following command to download new browsers:              ║
    ║                                                                         ║
    ║     npx playwright install                                              ║
    ║                                                                         ║
    ║ <3 Playwright Team                                                      ║
    ╚═════════════════════════════════════════════════════════════════════════╝
]]>
</failure>
</testcase>
<testcase name="Authentication Pages › should display login form elements" classname="auth-pages.spec.ts" time="0.005">
<failure message="auth-pages.spec.ts:14:7 should display login form elements" type="FAILURE">
<![CDATA[  [firefox] › auth-pages.spec.ts:14:7 › Authentication Pages › should display login form elements ──

    Error: browserType.launch: Executable doesn't exist at /home/develper21/.cache/ms-playwright/firefox-1509/firefox/firefox
    ╔═════════════════════════════════════════════════════════════════════════╗
    ║ Looks like Playwright Test or Playwright was just installed or updated. ║
    ║ Please run the following command to download new browsers:              ║
    ║                                                                         ║
    ║     npx playwright install                                              ║
    ║                                                                         ║
    ║ <3 Playwright Team                                                      ║
    ╚═════════════════════════════════════════════════════════════════════════╝
]]>
</failure>
</testcase>
<testcase name="Authentication Pages › should show validation errors for empty login form" classname="auth-pages.spec.ts" time="0.004">
<failure message="auth-pages.spec.ts:25:7 should show validation errors for empty login form" type="FAILURE">
<![CDATA[  [firefox] › auth-pages.spec.ts:25:7 › Authentication Pages › should show validation errors for empty login form 

    Error: browserType.launch: Executable doesn't exist at /home/develper21/.cache/ms-playwright/firefox-1509/firefox/firefox
    ╔═════════════════════════════════════════════════════════════════════════╗
    ║ Looks like Playwright Test or Playwright was just installed or updated. ║
    ║ Please run the following command to download new browsers:              ║
    ║                                                                         ║
    ║     npx playwright install                                              ║
    ║                                                                         ║
    ║ <3 Playwright Team                                                      ║
    ╚═════════════════════════════════════════════════════════════════════════╝
]]>
</failure>
</testcase>
<testcase name="Authentication Pages › should show error for invalid email format" classname="auth-pages.spec.ts" time="0.004">
<failure message="auth-pages.spec.ts:36:7 should show error for invalid email format" type="FAILURE">
<![CDATA[  [firefox] › auth-pages.spec.ts:36:7 › Authentication Pages › should show error for invalid email format 

    Error: browserType.launch: Executable doesn't exist at /home/develper21/.cache/ms-playwright/firefox-1509/firefox/firefox
    ╔═════════════════════════════════════════════════════════════════════════╗
    ║ Looks like Playwright Test or Playwright was just installed or updated. ║
    ║ Please run the following command to download new browsers:              ║
    ║                                                                         ║
    ║     npx playwright install                                              ║
    ║                                                                         ║
    ║ <3 Playwright Team                                                      ║
    ╚═════════════════════════════════════════════════════════════════════════╝
]]>
</failure>
</testcase>
<testcase name="Authentication Pages › should navigate to register page" classname="auth-pages.spec.ts" time="0.006">
<failure message="auth-pages.spec.ts:46:7 should navigate to register page" type="FAILURE">
[...]
<![CDATA[  [Mobile Safari] › dashboard.spec.ts:62:7 › Dashboard Functionality › should display energy statistics 

    Error: browserType.launch: Executable doesn't exist at /home/develper21/.cache/ms-playwright/webkit-2248/pw_run.sh
    ╔═════════════════════════════════════════════════════════════════════════╗
    ║ Looks like Playwright Test or Playwright was just installed or updated. ║
    ║ Please run the following command to download new browsers:              ║
    ║                                                                         ║
    ║     npx playwright install                                              ║
    ║                                                                         ║
    ║ <3 Playwright Team                                                      ║
    ╚═════════════════════════════════════════════════════════════════════════╝
]]>
</failure>
</testcase>
<testcase name="Dashboard Functionality › should display appliances list" classname="dashboard.spec.ts" time="0.005">
<failure message="dashboard.spec.ts:75:7 should display appliances list" type="FAILURE">
<![CDATA[  [Mobile Safari] › dashboard.spec.ts:75:7 › Dashboard Functionality › should display appliances list 

    Error: browserType.launch: Executable doesn't exist at /home/develper21/.cache/ms-playwright/webkit-2248/pw_run.sh
    ╔═════════════════════════════════════════════════════════════════════════╗
    ║ Looks like Playwright Test or Playwright was just installed or updated. ║
    ║ Please run the following command to download new browsers:              ║
    ║                                                                         ║
    ║     npx playwright install                                              ║
    ║                                                                         ║
    ║ <3 Playwright Team                                                      ║
    ╚═════════════════════════════════════════════════════════════════════════╝
]]>
</failure>
</testcase>
<testcase name="Dashboard Functionality › should toggle appliance status" classname="dashboard.spec.ts" time="0.004">
<failure message="dashboard.spec.ts:87:7 should toggle appliance status" type="FAILURE">
<![CDATA[  [Mobile Safari] › dashboard.spec.ts:87:7 › Dashboard Functionality › should toggle appliance status 

    Error: browserType.launch: Executable doesn't exist at /home/develper21/.cache/ms-playwright/webkit-2248/pw_run.sh
    ╔═════════════════════════════════════════════════════════════════════════╗
    ║ Looks like Playwright Test or Playwright was just installed or updated. ║
    ║ Please run the following command to download new browsers:              ║
    ║                                                                         ║
    ║     npx playwright install                                              ║
    ║                                                                         ║
    ║ <3 Playwright Team                                                      ║
    ╚═════════════════════════════════════════════════════════════════════════╝
]]>
</failure>
</testcase>
<testcase name="Dashboard Functionality › should display energy chart" classname="dashboard.spec.ts" time="0.005">
<failure message="dashboard.spec.ts:103:7 should display energy chart" type="FAILURE">
<![CDATA[  [Mobile Safari] › dashboard.spec.ts:103:7 › Dashboard Functionality › should display energy chart 

    Error: browserType.launch: Executable doesn't exist at /home/develper21/.cache/ms-playwright/webkit-2248/pw_run.sh
    ╔═════════════════════════════════════════════════════════════════════════╗
    ║ Looks like Playwright Test or Playwright was just installed or updated. ║
    ║ Please run the following command to download new browsers:              ║
    ║                                                                         ║
    ║     npx playwright install                                              ║
    ║                                                                         ║
    ║ <3 Playwright Team                                                      ║
    ╚═════════════════════════════════════════════════════════════════════════╝
]]>
</failure>
</testcase>
<testcase name="Dashboard Functionality › should show recommendations section" classname="dashboard.spec.ts" time="0.005">
<failure message="dashboard.spec.ts:113:7 should show recommendations section" type="FAILURE">
<![CDATA[  [Mobile Safari] › dashboard.spec.ts:113:7 › Dashboard Functionality › should show recommendations section 

    Error: browserType.launch: Executable doesn't exist at /home/develper21/.cache/ms-playwright/webkit-2248/pw_run.sh
    ╔═════════════════════════════════════════════════════════════════════════╗
    ║ Looks like Playwright Test or Playwright was just installed or updated. ║
    ║ Please run the following command to download new browsers:              ║
    ║                                                                         ║
    ║     npx playwright install                                              ║
    ║                                                                         ║
    ║ <3 Playwright Team                                                      ║
    ╚═════════════════════════════════════════════════════════════════════════╝
]]>
</failure>
</testcase>
<testcase name="Dashboard Functionality › should navigate between sections" classname="dashboard.spec.ts" time="0.004">
<failure message="dashboard.spec.ts:123:7 should navigate between sections" type="FAILURE">
<![CDATA[  [Mobile Safari] › dashboard.spec.ts:123:7 › Dashboard Functionality › should navigate between sections 

    Error: browserType.launch: Executable doesn't exist at /home/develper21/.cache/ms-playwright/webkit-2248/pw_run.sh
    ╔═════════════════════════════════════════════════════════════════════════╗
    ║ Looks like Playwright Test or Playwright was just installed or updated. ║
    ║ Please run the following command to download new browsers:              ║
    ║                                                                         ║
    ║     npx playwright install                                              ║
    ║                                                                         ║
    ║ <3 Playwright Team                                                      ║
    ╚═════════════════════════════════════════════════════════════════════════╝
]]>
</failure>
</testcase>
<testcase name="Dashboard Functionality › should handle logout" classname="dashboard.spec.ts" time="0.005">
<failure message="dashboard.spec.ts:137:7 should handle logout" type="FAILURE">
<![CDATA[  [Mobile Safari] › dashboard.spec.ts:137:7 › Dashboard Functionality › should handle logout ───────

    Error: browserType.launch: Executable doesn't exist at /home/develper21/.cache/ms-playwright/webkit-2248/pw_run.sh
    ╔═════════════════════════════════════════════════════════════════════════╗
    ║ Looks like Playwright Test or Playwright was just installed or updated. ║
    ║ Please run the following command to download new browsers:              ║
    ║                                                                         ║
    ║     npx playwright install                                              ║
    ║                                                                         ║
    ║ <3 Playwright Team                                                      ║
    ╚═════════════════════════════════════════════════════════════════════════╝
]]>
</failure>
</testcase>
<testcase name="Dashboard Functionality › should show user profile" classname="dashboard.spec.ts" time="0.005">
<failure message="dashboard.spec.ts:151:7 should show user profile" type="FAILURE">
<![CDATA[  [Mobile Safari] › dashboard.spec.ts:151:7 › Dashboard Functionality › should show user profile ───

    Error: browserType.launch: Executable doesn't exist at /home/develper21/.cache/ms-playwright/webkit-2248/pw_run.sh
    ╔═════════════════════════════════════════════════════════════════════════╗
    ║ Looks like Playwright Test or Playwright was just installed or updated. ║
    ║ Please run the following command to download new browsers:              ║
    ║                                                                         ║
    ║     npx playwright install                                              ║
    ║                                                                         ║
    ║ <3 Playwright Team                                                      ║
    ╚═════════════════════════════════════════════════════════════════════════╝
]]>
</failure>
</testcase>
<testcase name="Dashboard Functionality › should handle responsive design" classname="dashboard.spec.ts" time="0.005">
<failure message="dashboard.spec.ts:163:7 should handle responsive design" type="FAILURE">
<![CDATA[  [Mobile Safari] › dashboard.spec.ts:163:7 › Dashboard Functionality › should handle responsive design 

    Error: browserType.launch: Executable doesn't exist at /home/develper21/.cache/ms-playwright/webkit-2248/pw_run.sh
    ╔═════════════════════════════════════════════════════════════════════════╗
    ║ Looks like Playwright Test or Playwright was just installed or updated. ║
    ║ Please run the following command to download new browsers:              ║
    ║                                                                         ║
    ║     npx playwright install                                              ║
    ║                                                                         ║
    ║ <3 Playwright Team                                                      ║
    ╚═════════════════════════════════════════════════════════════════════════╝
]]>
</failure>
</testcase>
</testsuite>
<testsuite name="home-page.spec.ts" timestamp="2026-02-04T06:35:30.358Z" hostname="Mobile Safari" tests="9" failures="9" skipped="0" time="0.037" errors="0">
<testcase name="Main Landing Page › should load home page successfully" classname="home-page.spec.ts" time="0.004">
<failure message="home-page.spec.ts:4:7 should load home page successfully" type="FAILURE">
<![CDATA[  [Mobile Safari] › home-page.spec.ts:4:7 › Main Landing Page › should load home page successfully ─

    Error: browserType.launch: Executable doesn't exist at /home/develper21/.cache/ms-playwright/webkit-2248/pw_run.sh
    ╔═════════════════════════════════════════════════════════════════════════╗
    ║ Looks like Playwright Test or Playwright was just installed or updated. ║
    ║ Please run the following command to download new browsers:              ║
    ║                                                                         ║
    ║     npx playwright install                                              ║
    ║                                                                         ║
    ║ <3 Playwright Team                                                      ║
    ╚═════════════════════════════════════════════════════════════════════════╝
]]>
</failure>
</testcase>
<testcase name="Main Landing Page › should display main navigation elements" classname="home-page.spec.ts" time="0.004">
<failure message="home-page.spec.ts:10:7 should display main navigation elements" type="FAILURE">
<![CDATA[  [Mobile Safari] › home-page.spec.ts:10:7 › Main Landing Page › should display main navigation elements 

    Error: browserType.launch: Executable doesn't exist at /home/develper21/.cache/ms-playwright/webkit-2248/pw_run.sh
    ╔═════════════════════════════════════════════════════════════════════════╗
    ║ Looks like Playwright Test or Playwright was just installed or updated. ║
    ║ Please run the following command to download new browsers:              ║
    ║                                                                         ║
    ║     npx playwright install                                              ║
    ║                                                                         ║
    ║ <3 Playwright Team                                                      ║
    ╚═════════════════════════════════════════════════════════════════════════╝
]]>
</failure>
</testcase>
<testcase name="Main Landing Page › should display hero section" classname="home-page.spec.ts" time="0.005">
<failure message="home-page.spec.ts:22:7 should display hero section" type="FAILURE">
<![CDATA[  [Mobile Safari] › home-page.spec.ts:22:7 › Main Landing Page › should display hero section ───────

    Error: browserType.launch: Executable doesn't exist at /home/develper21/.cache/ms-playwright/webkit-2248/pw_run.sh
    ╔═════════════════════════════════════════════════════════════════════════╗
    ║ Looks like Playwright Test or Playwright was just installed or updated. ║
    ║ Please run the following command to download new browsers:              ║
    ║                                                                         ║
    ║     npx playwright install                                              ║
    ║                                                                         ║
    ║ <3 Playwright Team                                                      ║
    ╚═════════════════════════════════════════════════════════════════════════╝
]]>
</failure>
</testcase>
<testcase name="Main Landing Page › should display features section" classname="home-page.spec.ts" time="0.005">
<failure message="home-page.spec.ts:31:7 should display features section" type="FAILURE">
<![CDATA[  [Mobile Safari] › home-page.spec.ts:31:7 › Main Landing Page › should display features section ───

    Error: browserType.launch: Executable doesn't exist at /home/develper21/.cache/ms-playwright/webkit-2248/pw_run.sh
    ╔═════════════════════════════════════════════════════════════════════════╗
    ║ Looks like Playwright Test or Playwright was just installed or updated. ║
    ║ Please run the following command to download new browsers:              ║
    ║                                                                         ║
    ║     npx playwright install                                              ║
    ║                                                                         ║
    ║ <3 Playwright Team                                                      ║
    ╚═════════════════════════════════════════════════════════════════════════╝
]]>
</failure>
</testcase>
<testcase name="Main Landing Page › should navigate to login page from main nav" classname="home-page.spec.ts" time="0.005">
<failure message="home-page.spec.ts:44:7 should navigate to login page from main nav" type="FAILURE">
<![CDATA[  [Mobile Safari] › home-page.spec.ts:44:7 › Main Landing Page › should navigate to login page from main nav 

    Error: browserType.launch: Executable doesn't exist at /home/develper21/.cache/ms-playwright/webkit-2248/pw_run.sh
    ╔═════════════════════════════════════════════════════════════════════════╗
    ║ Looks like Playwright Test or Playwright was just installed or updated. ║
    ║ Please run the following command to download new browsers:              ║
    ║                                                                         ║
    ║     npx playwright install                                              ║
    ║                                                                         ║
    ║ <3 Playwright Team                                                      ║
    ╚═════════════════════════════════════════════════════════════════════════╝
]]>
</failure>
</testcase>
<testcase name="Main Landing Page › should navigate to register page from main nav" classname="home-page.spec.ts" time="0.003">
<failure message="home-page.spec.ts:50:7 should navigate to register page from main nav" type="FAILURE">
<![CDATA[  [Mobile Safari] › home-page.spec.ts:50:7 › Main Landing Page › should navigate to register page from main nav 

    Error: browserType.launch: Executable doesn't exist at /home/develper21/.cache/ms-playwright/webkit-2248/pw_run.sh
    ╔═════════════════════════════════════════════════════════════════════════╗
    ║ Looks like Playwright Test or Playwright was just installed or updated. ║
    ║ Please run the following command to download new browsers:              ║
    ║                                                                         ║
    ║     npx playwright install                                              ║
    ║                                                                         ║
    ║ <3 Playwright Team                                                      ║
    ╚═════════════════════════════════════════════════════════════════════════╝
]]>
</failure>
</testcase>
<testcase name="Main Landing Page › should be responsive on mobile devices" classname="home-page.spec.ts" time="0.003">
<failure message="home-page.spec.ts:56:7 should be responsive on mobile devices" type="FAILURE">
<![CDATA[  [Mobile Safari] › home-page.spec.ts:56:7 › Main Landing Page › should be responsive on mobile devices 

    Error: browserType.launch: Executable doesn't exist at /home/develper21/.cache/ms-playwright/webkit-2248/pw_run.sh
    ╔═════════════════════════════════════════════════════════════════════════╗
    ║ Looks like Playwright Test or Playwright was just installed or updated. ║
    ║ Please run the following command to download new browsers:              ║
    ║                                                                         ║
    ║     npx playwright install                                              ║
    ║                                                                         ║
    ║ <3 Playwright Team                                                      ║
    ╚═════════════════════════════════════════════════════════════════════════╝
]]>
</failure>
</testcase>
<testcase name="Main Landing Page › should handle CTA button clicks" classname="home-page.spec.ts" time="0.004">
<failure message="home-page.spec.ts:68:7 should handle CTA button clicks" type="FAILURE">
<![CDATA[  [Mobile Safari] › home-page.spec.ts:68:7 › Main Landing Page › should handle CTA button clicks ───

    Error: browserType.launch: Executable doesn't exist at /home/develper21/.cache/ms-playwright/webkit-2248/pw_run.sh
    ╔═════════════════════════════════════════════════════════════════════════╗
    ║ Looks like Playwright Test or Playwright was just installed or updated. ║
    ║ Please run the following command to download new browsers:              ║
    ║                                                                         ║
    ║     npx playwright install                                              ║
    ║                                                                         ║
    ║ <3 Playwright Team                                                      ║
    ╚═════════════════════════════════════════════════════════════════════════╝
]]>
</failure>
</testcase>
<testcase name="Main Landing Page › should display footer with links" classname="home-page.spec.ts" time="0.004">
<failure message="home-page.spec.ts:76:7 should display footer with links" type="FAILURE">
<![CDATA[  [Mobile Safari] › home-page.spec.ts:76:7 › Main Landing Page › should display footer with links ──

    Error: browserType.launch: Executable doesn't exist at /home/develper21/.cache/ms-playwright/webkit-2248/pw_run.sh
    ╔═════════════════════════════════════════════════════════════════════════╗
    ║ Looks like Playwright Test or Playwright was just installed or updated. ║
    ║ Please run the following command to download new browsers:              ║
    ║                                                                         ║
    ║     npx playwright install                                              ║
    ║                                                                         ║
    ║ <3 Playwright Team                                                      ║
    ╚═════════════════════════════════════════════════════════════════════════╝
]]>
</failure>
</testcase>
</testsuite>
</testsuites>